<?xml version="1.0" encoding="UTF-8"?>
<!-- Generated by org.testng.reporters.JUnitReportReporter -->
<testsuite hostname="LAPTOP-S6ICL091" failures="0" tests="1" name="com.herokuapp.theinternet.PositiveTests" time="6.574" errors="0" timestamp="2023-05-16T17:39:22 IST" skipped="0">
  <testcase classname="com.herokuapp.theinternet.PositiveTests" name="loginTest" time="6.574"/>
  <system-out/>
</testsuite> <!-- com.herokuapp.theinternet.PositiveTests -->
