<?xml version="1.0" encoding="UTF-8"?>
<!-- Generated by org.testng.reporters.JUnitReportReporter -->
<testsuite hostname="LAPTOP-S6ICL091" failures="0" tests="3" name="com.herokuapp.theinternet.LoginTests" time="26.105" errors="0" timestamp="2023-05-17T20:32:43 IST" skipped="0">
  <testcase classname="com.herokuapp.theinternet.LoginTests" name="positiveLoginTest" time="6.979"/>
  <system-out/>
  <testcase classname="com.herokuapp.theinternet.LoginTests" name="negativeLoginTest" time="7.857"/>
  <system-out/>
  <testcase classname="com.herokuapp.theinternet.LoginTests" name="negativeLoginTest" time="11.269"/>
  <system-out/>
</testsuite> <!-- com.herokuapp.theinternet.LoginTests -->
