<?xml version="1.0" encoding="UTF-8"?>
<!-- Generated by org.testng.reporters.JUnitReportReporter -->
<testsuite hostname="LAPTOP-S6ICL091" failures="0" tests="2" name="com.herokuapp.theinternet.NegativeTests" time="24.564" errors="0" timestamp="2023-05-16T19:00:55 IST" skipped="0">
  <testcase classname="com.herokuapp.theinternet.NegativeTests" name="negativeLoginTest" time="12.378"/>
  <system-out/>
  <testcase classname="com.herokuapp.theinternet.NegativeTests" name="negativeLoginTest" time="12.186"/>
  <system-out/>
</testsuite> <!-- com.herokuapp.theinternet.NegativeTests -->
