<?xml version="1.0" encoding="UTF-8"?>
<!-- Generated by org.testng.reporters.JUnitReportReporter -->
<testsuite hostname="LAPTOP-S6ICL091" failures="0" tests="1" name="com.herokuapp.theinternet.ExceptionsTests" time="11.822" errors="0" timestamp="2023-05-17T20:30:34 IST" skipped="0">
  <testcase classname="com.herokuapp.theinternet.ExceptionsTests" name="timeoutExceptionTest" time="11.822"/>
  <system-out/>
</testsuite> <!-- com.herokuapp.theinternet.ExceptionsTests -->
